<?xml version="1.0" encoding="UTF-8"?>
<!-- Generated by org.testng.reporters.JUnitReportReporter -->
<testsuite skipped="0" hostname="Yvonnes-MBP" name="com.automationpractice.qa.testcases.HomePageTest" tests="1" failures="0" timestamp="12 Apr 2018 20:30:27 GMT" time="11.708" errors="0">
  <testcase name="sigInLinkTest" time="11.708" classname="com.automationpractice.qa.testcases.HomePageTest"/>
</testsuite> <!-- com.automationpractice.qa.testcases.HomePageTest -->
