<?xml version="1.0" encoding="UTF-8"?>
<!-- Generated by org.testng.reporters.JUnitReportReporter -->
<testsuite skipped="0" hostname="Yvonnes-MBP" name="com.automationpractice.qa.testcases.SignInPageTest" tests="2" failures="0" timestamp="12 Apr 2018 23:26:57 GMT" time="14.739" errors="0">
  <testcase name="createAccountTest" time="7.570" classname="com.automationpractice.qa.testcases.SignInPageTest"/>
  <testcase name="createAccountTest" time="7.169" classname="com.automationpractice.qa.testcases.SignInPageTest"/>
</testsuite> <!-- com.automationpractice.qa.testcases.SignInPageTest -->
