<?xml version="1.0" encoding="UTF-8"?>
<!-- Generated by org.testng.reporters.JUnitReportReporter -->
<testsuite name="com.automationpractice.AutomationPractice.Register" tests="1" time="16.346" ignored="0" failures="0" timestamp="14 Feb 2018 16:42:44 GMT" skipped="0" hostname="Yvonnes-MBP" errors="0">
  <testcase name="NewRegisteringUser" time="16.346" classname="com.automationpractice.AutomationPractice.Register"/>
</testsuite> <!-- com.automationpractice.AutomationPractice.Register -->
